\BOOKMARK [1][-]{section.1}{\376\377\000C\000o\000n\000t\000a\000c\000t\000\040\000I\000n\000f\000o\000r\000m\000a\000t\000i\000o\000n}{}% 1
\BOOKMARK [1][-]{section.2}{\376\377\000R\000e\000s\000e\000a\000r\000c\000h\000\040\000I\000n\000t\000e\000r\000e\000s\000t\000s}{}% 2
\BOOKMARK [1][-]{section.3}{\376\377\000E\000d\000u\000c\000a\000t\000i\000o\000n}{}% 3
\BOOKMARK [2][-]{subsection.3.1}{\376\377\000B\000o\000s\000t\000o\000n\000\040\000U\000n\000i\000v\000e\000r\000s\000i\000t\000y\000,\000\040\000B\000o\000s\000t\000o\000n\000,\000\040\000M\000a\000s\000s\000a\000c\000h\000u\000s\000e\000t\000t\000s\000,\000\040\000U\000S\000A}{section.3}% 4
\BOOKMARK [2][-]{subsection.3.2}{\376\377\000C\000i\000t\000y\000\040\000U\000n\000i\000v\000e\000r\000s\000i\000t\000y\000\040\000o\000f\000\040\000H\000o\000n\000g\000\040\000K\000o\000n\000g\000,\000\040\000H\000o\000n\000g\000\040\000K\000o\000n\000g\000\040\000S\000A\000R}{section.3}% 5
\BOOKMARK [2][-]{subsection.3.3}{\376\377\000N\000o\000r\000t\000h\000e\000a\000s\000t\000\040\000E\000l\000e\000c\000t\000r\000i\000c\000\040\000P\000o\000w\000e\000r\000\040\000U\000n\000i\000v\000e\000r\000s\000i\000t\000y\000,\000\040\000J\000i\000l\000i\000n\000,\000\040\000J\000i\000l\000i\000n\000,\000\040\000C\000h\000i\000n\000a}{section.3}% 6
\BOOKMARK [2][-]{subsection.3.4}{\376\377\000U\000n\000i\000v\000e\000r\000s\000i\000t\000y\000\040\000o\000f\000\040\000C\000a\000l\000i\000f\000o\000r\000n\000i\000a\000,\000\040\000I\000r\000v\000i\000n\000e\000,\000\040\000I\000r\000v\000i\000n\000e\000,\000\040\000C\000a\000l\000i\000f\000o\000r\000n\000i\000a\000,\000\040\000U\000S\000A}{section.3}% 7
\BOOKMARK [1][-]{section.4}{\376\377\000P\000e\000e\000r\000-\000r\000e\000v\000i\000e\000w\000e\000d\000\040\000P\000u\000b\000l\000i\000c\000a\000t\000i\000o\000n\000s}{}% 8
\BOOKMARK [2][-]{subsection.4.1}{\376\377\000J\000o\000u\000r\000n\000a\000l\000\040\000P\000u\000b\000l\000i\000c\000a\000t\000i\000o\000n\000s}{section.4}% 9
\BOOKMARK [2][-]{subsection.4.2}{\376\377\000R\000e\000f\000e\000r\000e\000e\000d\000\040\000C\000o\000n\000f\000e\000r\000e\000n\000c\000e\000\040\000a\000n\000d\000\040\000W\000o\000r\000k\000s\000h\000o\000p\000\040\000P\000u\000b\000l\000i\000c\000a\000t\000i\000o\000n\000s}{section.4}% 10
\BOOKMARK [2][-]{subsection.4.3}{\376\377\000T\000h\000e\000s\000i\000s}{section.4}% 11
\BOOKMARK [1][-]{section.5}{\376\377\000W\000o\000r\000k\000i\000n\000g\000\040\000E\000x\000p\000e\000r\000i\000e\000n\000c\000e}{}% 12
\BOOKMARK [2][-]{subsection.5.1}{\376\377\000C\000i\000t\000y\000\040\000U\000n\000i\000v\000e\000r\000s\000i\000t\000y\000\040\000o\000f\000\040\000H\000o\000n\000g\000\040\000K\000o\000n\000g\000,\000\040\000H\000o\000n\000g\000\040\000K\000o\000n\000g\000\040\000S\000A\000R}{section.5}% 13
\BOOKMARK [2][-]{subsection.5.2}{\376\377\000S\000a\000m\000s\000u\000n\000g\000\040\000R\000e\000s\000e\000a\000r\000c\000h\000,\000\040\000B\000e\000i\000j\000i\000n\000g}{section.5}% 14
\BOOKMARK [2][-]{subsection.5.3}{\376\377\000P\000h\000i\000l\000i\000p\000s\000\040\000R\000e\000s\000e\000a\000r\000c\000h\000,\000\040\000S\000h\000a\000n\000g\000h\000a\000i}{section.5}% 15
\BOOKMARK [2][-]{subsection.5.4}{\376\377\000T\000s\000i\000n\000g\000h\000u\000a\000\040\000U\000n\000i\000v\000e\000r\000s\000i\000t\000y\000,\000\040\000B\000e\000i\000j\000i\000n\000g}{section.5}% 16
\BOOKMARK [1][-]{section.6}{\376\377\000A\000w\000a\000r\000d\000s\000\040\000a\000n\000d\000\040\000S\000e\000r\000v\000i\000c\000e\000s}{}% 17
\BOOKMARK [2][-]{subsection.6.1}{\376\377\000F\000e\000l\000l\000o\000w\000s\000h\000i\000p\000s\000\040\000a\000n\000d\000\040\000S\000c\000h\000o\000l\000a\000r\000s\000h\000i\000p\000s}{section.6}% 18
\BOOKMARK [2][-]{subsection.6.2}{\376\377\000M\000a\000t\000h\000e\000m\000a\000t\000i\000c\000s\000\040\000a\000n\000d\000\040\000P\000h\000y\000s\000i\000c\000s\000\040\000C\000o\000m\000p\000e\000t\000i\000t\000i\000o\000n\000s}{section.6}% 19
\BOOKMARK [2][-]{subsection.6.3}{\376\377\000S\000p\000o\000r\000t\000s\000\040\000C\000o\000m\000p\000e\000t\000i\000t\000i\000o\000n\000s}{section.6}% 20
\BOOKMARK [2][-]{subsection.6.4}{\376\377\000L\000e\000a\000d\000e\000r\000s\000h\000i\000p\000\040\000A\000w\000a\000r\000d\000s}{section.6}% 21
\BOOKMARK [2][-]{subsection.6.5}{\376\377\000A\000c\000a\000d\000e\000m\000i\000c\000\040\000S\000e\000r\000v\000i\000c\000e\000s}{section.6}% 22
\BOOKMARK [1][-]{section.7}{\376\377\000P\000r\000o\000f\000e\000s\000s\000i\000o\000n\000a\000l\000\040\000S\000k\000i\000l\000l\000s}{}% 23
\BOOKMARK [1][-]{section.8}{\376\377\000R\000e\000f\000e\000r\000e\000n\000c\000e\000s}{}% 24
